<?xml version="1.0" encoding="UTF-8"?>
<testsuite name="com.customer.rewards.service.CustomerServiceTest" tests="1" skipped="0" failures="0" errors="0" timestamp="2022-11-21T11:04:00" hostname="DESKTOP-GN1U393" time="1.227">
  <properties/>
  <testcase name="findCustomerList" classname="com.customer.rewards.service.CustomerServiceTest" time="1.227"/>
  <system-out><![CDATA[03:03:35.052 [Test worker] DEBUG org.springframework.test.context.BootstrapUtils - Instantiating CacheAwareContextLoaderDelegate from class [org.springframework.test.context.cache.DefaultCacheAwareContextLoaderDelegate]
03:03:35.087 [Test worker] DEBUG org.springframework.test.context.BootstrapUtils - Instantiating BootstrapContext using constructor [public org.springframework.test.context.support.DefaultBootstrapContext(java.lang.Class,org.springframework.test.context.CacheAwareContextLoaderDelegate)]
03:03:35.208 [Test worker] DEBUG org.springframework.test.context.BootstrapUtils - Instantiating TestContextBootstrapper for test class [com.customer.rewards.service.CustomerServiceTest] from class [org.springframework.boot.test.context.SpringBootTestContextBootstrapper]
03:03:35.249 [Test worker] INFO org.springframework.boot.test.context.SpringBootTestContextBootstrapper - Neither @ContextConfiguration nor @ContextHierarchy found for test class [com.customer.rewards.service.CustomerServiceTest], using SpringBootContextLoader
03:03:35.263 [Test worker] DEBUG org.springframework.test.context.support.AbstractContextLoader - Did not detect default resource location for test class [com.customer.rewards.service.CustomerServiceTest]: class path resource [com/customer/rewards/service/CustomerServiceTest-context.xml] does not exist
03:03:35.264 [Test worker] DEBUG org.springframework.test.context.support.AbstractContextLoader - Did not detect default resource location for test class [com.customer.rewards.service.CustomerServiceTest]: class path resource [com/customer/rewards/service/CustomerServiceTestContext.groovy] does not exist
03:03:35.264 [Test worker] INFO org.springframework.test.context.support.AbstractContextLoader - Could not detect default resource locations for test class [com.customer.rewards.service.CustomerServiceTest]: no resource found for suffixes {-context.xml, Context.groovy}.
03:03:35.267 [Test worker] INFO org.springframework.test.context.support.AnnotationConfigContextLoaderUtils - Could not detect default configuration classes for test class [com.customer.rewards.service.CustomerServiceTest]: CustomerServiceTest does not declare any static, non-private, non-final, nested classes annotated with @Configuration.
03:03:35.485 [Test worker] DEBUG org.springframework.test.context.support.ActiveProfilesUtils - Could not find an 'annotation declaring class' for annotation type [org.springframework.test.context.ActiveProfiles] and class [com.customer.rewards.service.CustomerServiceTest]
03:03:35.820 [Test worker] DEBUG org.springframework.context.annotation.ClassPathScanningCandidateComponentProvider - Identified candidate component class: file [D:\Ritika_P\RewardsCalculation\RewardsCalculation\build\classes\java\main\com\customer\rewards\RewardsCalculationApplication.class]
03:03:35.826 [Test worker] INFO org.springframework.boot.test.context.SpringBootTestContextBootstrapper - Found @SpringBootConfiguration com.customer.rewards.RewardsCalculationApplication for test class com.customer.rewards.service.CustomerServiceTest
03:03:36.293 [Test worker] DEBUG org.springframework.boot.test.context.SpringBootTestContextBootstrapper - @TestExecutionListeners is not present for class [com.customer.rewards.service.CustomerServiceTest]: using defaults.
03:03:36.295 [Test worker] INFO org.springframework.boot.test.context.SpringBootTestContextBootstrapper - Loaded default TestExecutionListener class names from location [META-INF/spring.factories]: [org.springframework.boot.test.autoconfigure.restdocs.RestDocsTestExecutionListener, org.springframework.boot.test.autoconfigure.web.client.MockRestServiceServerResetTestExecutionListener, org.springframework.boot.test.autoconfigure.web.servlet.MockMvcPrintOnlyOnFailureTestExecutionListener, org.springframework.boot.test.autoconfigure.web.servlet.WebDriverTestExecutionListener, org.springframework.boot.test.autoconfigure.webservices.client.MockWebServiceServerTestExecutionListener, org.springframework.boot.test.mock.mockito.MockitoTestExecutionListener, org.springframework.boot.test.mock.mockito.ResetMocksTestExecutionListener, org.springframework.test.context.web.ServletTestExecutionListener, org.springframework.test.context.support.DirtiesContextBeforeModesTestExecutionListener, org.springframework.test.context.event.ApplicationEventsTestExecutionListener, org.springframework.test.context.support.DependencyInjectionTestExecutionListener, org.springframework.test.context.support.DirtiesContextTestExecutionListener, org.springframework.test.context.transaction.TransactionalTestExecutionListener, org.springframework.test.context.jdbc.SqlScriptsTestExecutionListener, org.springframework.test.context.event.EventPublishingTestExecutionListener]
03:03:36.361 [Test worker] INFO org.springframework.boot.test.context.SpringBootTestContextBootstrapper - Using TestExecutionListeners: [org.springframework.test.context.web.ServletTestExecutionListener@5143c662, org.springframework.test.context.support.DirtiesContextBeforeModesTestExecutionListener@77825085, org.springframework.test.context.event.ApplicationEventsTestExecutionListener@3568f9d2, org.springframework.boot.test.mock.mockito.MockitoTestExecutionListener@71c27ee8, org.springframework.boot.test.autoconfigure.SpringBootDependencyInjectionTestExecutionListener@3e7dd664, org.springframework.test.context.support.DirtiesContextTestExecutionListener@5b1ebf56, org.springframework.test.context.transaction.TransactionalTestExecutionListener@294a6b8e, org.springframework.test.context.jdbc.SqlScriptsTestExecutionListener@4b1d6571, org.springframework.test.context.event.EventPublishingTestExecutionListener@1b835480, org.springframework.boot.test.autoconfigure.restdocs.RestDocsTestExecutionListener@3549bca9, org.springframework.boot.test.autoconfigure.web.client.MockRestServiceServerResetTestExecutionListener@4f25b795, org.springframework.boot.test.autoconfigure.web.servlet.MockMvcPrintOnlyOnFailureTestExecutionListener@6fb365ed, org.springframework.boot.test.autoconfigure.web.servlet.WebDriverTestExecutionListener@6e950bcf, org.springframework.boot.test.autoconfigure.webservices.client.MockWebServiceServerTestExecutionListener@16414e40, org.springframework.boot.test.mock.mockito.ResetMocksTestExecutionListener@74bada02]
03:03:36.378 [Test worker] DEBUG org.springframework.test.context.support.AbstractDirtiesContextTestExecutionListener - Before test class: context [DefaultTestContext@5d12a356 testClass = CustomerServiceTest, testInstance = [null], testMethod = [null], testException = [null], mergedContextConfiguration = [WebMergedContextConfiguration@134d26af testClass = CustomerServiceTest, locations = '{}', classes = '{class com.customer.rewards.RewardsCalculationApplication}', contextInitializerClasses = '[]', activeProfiles = '{}', propertySourceLocations = '{}', propertySourceProperties = '{org.springframework.boot.test.context.SpringBootTestContextBootstrapper=true}', contextCustomizers = set[org.springframework.boot.test.autoconfigure.actuate.metrics.MetricsExportContextCustomizerFactory$DisableMetricExportContextCustomizer@3ad83a66, org.springframework.boot.test.autoconfigure.properties.PropertyMappingContextCustomizer@4b3fa0b3, org.springframework.boot.test.autoconfigure.web.servlet.WebDriverContextCustomizerFactory$Customizer@d554c5f, [ImportsContextCustomizer@66ac5762 key = [org.springframework.boot.test.autoconfigure.web.servlet.MockMvcAutoConfiguration, org.springframework.boot.test.autoconfigure.web.servlet.MockMvcWebClientAutoConfiguration, org.springframework.boot.test.autoconfigure.web.servlet.MockMvcWebDriverAutoConfiguration, org.springframework.boot.autoconfigure.security.oauth2.client.servlet.OAuth2ClientAutoConfiguration, org.springframework.boot.autoconfigure.security.oauth2.resource.servlet.OAuth2ResourceServerAutoConfiguration, org.springframework.boot.autoconfigure.security.servlet.SecurityAutoConfiguration, org.springframework.boot.autoconfigure.security.servlet.SecurityFilterAutoConfiguration, org.springframework.boot.autoconfigure.security.servlet.UserDetailsServiceAutoConfiguration, org.springframework.boot.test.autoconfigure.web.servlet.MockMvcSecurityConfiguration, org.springframework.boot.test.autoconfigure.web.reactive.WebTestClientAutoConfiguration]], org.springframework.boot.test.context.filter.ExcludeFilterContextCustomizer@4dc27487, org.springframework.boot.test.json.DuplicateJsonObjectContextCustomizerFactory$DuplicateJsonObjectContextCustomizer@6933b6c6, org.springframework.boot.test.mock.mockito.MockitoContextCustomizer@0, org.springframework.boot.test.web.client.TestRestTemplateContextCustomizer@798162bc, org.springframework.boot.test.context.SpringBootTestArgs@1, org.springframework.boot.test.context.SpringBootTestWebEnvironment@48aaecc3], resourceBasePath = 'src/main/webapp', contextLoader = 'org.springframework.boot.test.context.SpringBootContextLoader', parent = [null]], attributes = map['org.springframework.test.context.web.ServletTestExecutionListener.activateListener' -> true]], class annotated with @DirtiesContext [false] with mode [null].

  .   ____          _            __ _ _
 /\\ / ___'_ __ _ _(_)_ __  __ _ \ \ \ \
( ( )\___ | '_ | '_| | '_ \/ _` | \ \ \ \
 \\/  ___)| |_)| | | | | || (_| |  ) ) ) )
  '  |____| .__|_| |_|_| |_\__, | / / / /
 =========|_|==============|___/=/_/_/_/
 :: Spring Boot ::                (v2.7.5)

2022-11-21 03:03:38.116  INFO 12604 --- [    Test worker] c.c.rewards.service.CustomerServiceTest  : Starting CustomerServiceTest using Java 1.8.0_202 on DESKTOP-GN1U393 with PID 12604 (started by Admin in D:\Ritika_P\RewardsCalculation\RewardsCalculation)
2022-11-21 03:03:38.121  INFO 12604 --- [    Test worker] c.c.rewards.service.CustomerServiceTest  : No active profile set, falling back to 1 default profile: "default"
2022-11-21 03:03:42.609  INFO 12604 --- [    Test worker] .s.d.r.c.RepositoryConfigurationDelegate : Bootstrapping Spring Data JPA repositories in DEFAULT mode.
2022-11-21 03:03:43.019  INFO 12604 --- [    Test worker] .s.d.r.c.RepositoryConfigurationDelegate : Finished Spring Data repository scanning in 372 ms. Found 2 JPA repository interfaces.
2022-11-21 03:03:44.596  INFO 12604 --- [    Test worker] com.zaxxer.hikari.HikariDataSource       : HikariPool-1 - Starting...
2022-11-21 03:03:45.539  INFO 12604 --- [    Test worker] com.zaxxer.hikari.HikariDataSource       : HikariPool-1 - Start completed.
2022-11-21 03:03:46.122  INFO 12604 --- [    Test worker] o.hibernate.jpa.internal.util.LogHelper  : HHH000204: Processing PersistenceUnitInfo [name: default]
2022-11-21 03:03:46.378  INFO 12604 --- [    Test worker] org.hibernate.Version                    : HHH000412: Hibernate ORM core version 5.6.12.Final
2022-11-21 03:03:46.966  INFO 12604 --- [    Test worker] o.hibernate.annotations.common.Version   : HCANN000001: Hibernate Commons Annotations {5.1.2.Final}
2022-11-21 03:03:47.477  INFO 12604 --- [    Test worker] org.hibernate.dialect.Dialect            : HHH000400: Using dialect: org.hibernate.dialect.H2Dialect
Hibernate: drop table if exists customer CASCADE 
Hibernate: drop table if exists transaction CASCADE 
Hibernate: create table customer (customer_id bigint generated by default as identity, customer_name varchar(255), primary key (customer_id))
Hibernate: create table transaction (transaction_id bigint generated by default as identity, customer_id bigint, amount double, transaction_date timestamp, primary key (transaction_id))
2022-11-21 03:03:49.318  INFO 12604 --- [    Test worker] o.h.t.schema.internal.SchemaCreatorImpl  : HHH000476: Executing import script 'file:/D:/Ritika_P/RewardsCalculation/RewardsCalculation/build/resources/main/import.sql'
Hibernate: INSERT INTO CUSTOMER(CUSTOMER_ID,CUSTOMER_NAME) values (1001,'Customer1')
Hibernate: INSERT INTO CUSTOMER(CUSTOMER_ID,CUSTOMER_NAME) values (1002,'Customer2')
Hibernate: INSERT INTO CUSTOMER(CUSTOMER_ID,CUSTOMER_NAME) values (1003,'Customer3')
Hibernate: INSERT INTO TRANSACTION(TRANSACTION_ID,CUSTOMER_ID,TRANSACTION_DATE,AMOUNT) VALUES (10001,1001,'2022-10-12',120)
Hibernate: INSERT INTO TRANSACTION(TRANSACTION_ID,CUSTOMER_ID,TRANSACTION_DATE,AMOUNT) VALUES (10002,1001,'2022-11-01',85)
Hibernate: INSERT INTO TRANSACTION(TRANSACTION_ID,CUSTOMER_ID,TRANSACTION_DATE,AMOUNT) VALUES (10003,1001,'2022-10-04',160)
Hibernate: INSERT INTO TRANSACTION(TRANSACTION_ID,CUSTOMER_ID,TRANSACTION_DATE,AMOUNT) VALUES (10004,1001,'2022-11-01',90)
Hibernate: INSERT INTO TRANSACTION(TRANSACTION_ID,CUSTOMER_ID,TRANSACTION_DATE,AMOUNT) VALUES (10005,1001,'2022-09-04',120)
Hibernate: INSERT INTO TRANSACTION(TRANSACTION_ID,CUSTOMER_ID,TRANSACTION_DATE,AMOUNT) VALUES (10006,1001,'2022-11-05',165)
Hibernate: INSERT INTO TRANSACTION(TRANSACTION_ID,CUSTOMER_ID,TRANSACTION_DATE,AMOUNT) VALUES (10007,1002,'2022-04-05',113)
Hibernate: INSERT INTO TRANSACTION(TRANSACTION_ID,CUSTOMER_ID,TRANSACTION_DATE,AMOUNT) VALUES (10008,1002,'2022-11-27',80)
Hibernate: INSERT INTO TRANSACTION(TRANSACTION_ID,CUSTOMER_ID,TRANSACTION_DATE,AMOUNT) VALUES (10009,1002,'2022-10-04',102)
Hibernate: INSERT INTO TRANSACTION(TRANSACTION_ID,CUSTOMER_ID,TRANSACTION_DATE,AMOUNT) VALUES (10010,1002,'2022-09-01',210)
Hibernate: INSERT INTO TRANSACTION(TRANSACTION_ID,CUSTOMER_ID,TRANSACTION_DATE,AMOUNT) VALUES (10011,1002,'2022-09-27',130)
Hibernate: INSERT INTO TRANSACTION(TRANSACTION_ID,CUSTOMER_ID,TRANSACTION_DATE,AMOUNT) VALUES (10012,1002,'2022-09-15',88)
Hibernate: INSERT INTO TRANSACTION(TRANSACTION_ID,CUSTOMER_ID,TRANSACTION_DATE,AMOUNT) VALUES (10013,1003,'2022-09-05',102)
Hibernate: INSERT INTO TRANSACTION(TRANSACTION_ID,CUSTOMER_ID,TRANSACTION_DATE,AMOUNT) VALUES (10014,1003,'2022-10-27',84)
Hibernate: INSERT INTO TRANSACTION(TRANSACTION_ID,CUSTOMER_ID,TRANSACTION_DATE,AMOUNT) VALUES (10015,1003,'2022-11-04',200)
Hibernate: INSERT INTO TRANSACTION(TRANSACTION_ID,CUSTOMER_ID,TRANSACTION_DATE,AMOUNT) VALUES (10016,1003,'2022-09-01',103)
Hibernate: INSERT INTO TRANSACTION(TRANSACTION_ID,CUSTOMER_ID,TRANSACTION_DATE,AMOUNT) VALUES (10017,1003,'2022-08-27',500)
Hibernate: INSERT INTO TRANSACTION(TRANSACTION_ID,CUSTOMER_ID,TRANSACTION_DATE,AMOUNT) VALUES (10018,1003,'2022-08-20',585)
Hibernate: INSERT INTO TRANSACTION(TRANSACTION_ID,CUSTOMER_ID,TRANSACTION_DATE,AMOUNT) VALUES (10019,1003,'2022-11-14',102)
Hibernate: COMMIT
2022-11-21 03:03:49.343  INFO 12604 --- [    Test worker] o.h.e.t.j.p.i.JtaPlatformInitiator       : HHH000490: Using JtaPlatform implementation: [org.hibernate.engine.transaction.jta.platform.internal.NoJtaPlatform]
2022-11-21 03:03:49.370  INFO 12604 --- [    Test worker] j.LocalContainerEntityManagerFactoryBean : Initialized JPA EntityManagerFactory for persistence unit 'default'
2022-11-21 03:03:55.148  WARN 12604 --- [    Test worker] JpaBaseConfiguration$JpaWebConfiguration : spring.jpa.open-in-view is enabled by default. Therefore, database queries may be performed during view rendering. Explicitly configure spring.jpa.open-in-view to disable this warning
2022-11-21 03:03:56.930  INFO 12604 --- [    Test worker] o.s.b.a.h2.H2ConsoleAutoConfiguration    : H2 console available at '/h2-console'. Database available at 'jdbc:h2:mem:default'
2022-11-21 03:03:59.994  INFO 12604 --- [    Test worker] o.s.b.t.m.w.SpringBootMockServletContext : Initializing Spring TestDispatcherServlet ''
2022-11-21 03:03:59.995  INFO 12604 --- [    Test worker] o.s.t.web.servlet.TestDispatcherServlet  : Initializing Servlet ''
2022-11-21 03:04:00.041  INFO 12604 --- [    Test worker] o.s.b.a.e.web.EndpointLinksResolver      : Exposing 1 endpoint(s) beneath base path '/actuator'
2022-11-21 03:04:00.184  INFO 12604 --- [    Test worker] o.s.t.web.servlet.TestDispatcherServlet  : Completed initialization in 189 ms
2022-11-21 03:04:00.382  INFO 12604 --- [    Test worker] c.c.rewards.service.CustomerServiceTest  : Started CustomerServiceTest in 23.469 seconds (JVM running for 32.117)
Hibernate: select customer0_.customer_id as customer1_0_, customer0_.customer_name as customer2_0_ from customer customer0_
 listtt  ==== [Customer(customerId=1001, customerName=Customer1), Customer(customerId=1002, customerName=Customer2), Customer(customerId=1003, customerName=Customer3)]
]]></system-out>
  <system-err><![CDATA[]]></system-err>
</testsuite>
